[debug] [2020-09-22T18:25:01.781Z] ----------------------------------------------------------------------
[debug] [2020-09-22T18:25:01.784Z] Command:       /usr/local/bin/node /usr/local/bin/firebase emulators:start
[debug] [2020-09-22T18:25:01.785Z] CLI Version:   8.10.0
[debug] [2020-09-22T18:25:01.785Z] Platform:      darwin
[debug] [2020-09-22T18:25:01.785Z] Node Version:  v14.8.0
[debug] [2020-09-22T18:25:01.786Z] Time:          Tue Sep 22 2020 23:55:01 GMT+0530 (India Standard Time)
[debug] [2020-09-22T18:25:01.787Z] ----------------------------------------------------------------------
[debug] [2020-09-22T18:25:01.787Z] 
[debug] [2020-09-22T18:25:01.796Z] > command requires scopes: ["email","openid","https://www.googleapis.com/auth/cloudplatformprojects.readonly","https://www.googleapis.com/auth/firebase","https://www.googleapis.com/auth/cloud-platform"]
[debug] [2020-09-22T18:25:01.797Z] > authorizing via signed-in user
[info] i  emulators: Starting emulators: functions, hosting {"metadata":{"emulator":{"name":"hub"},"message":"Starting emulators: functions, hosting"}}
[debug] [2020-09-22T18:25:01.841Z] [hub] writing locator at /var/folders/l7/hl8wy3ms447cjbn698rf0b7r0000gn/T/hub-clone-a0601.json
[warn] ⚠  functions: The following emulators are not running, calls to these services from the Functions emulator will affect production: firestore, database, pubsub {"metadata":{"emulator":{"name":"functions"},"message":"The following emulators are not running, calls to these services from the Functions emulator will affect production: \u001b[1mfirestore, database, pubsub\u001b[22m"}}
[warn] ⚠  Your requested "node" version "10" doesn't match your global version "14" {"metadata":{"emulator":{"name":"functions"},"message":"Your requested \"node\" version \"10\" doesn't match your global version \"14\""}}
[debug] [2020-09-22T18:25:01.886Z] defaultcredentials: writing to file /Users/yashwantraghuwanshi/.config/firebase/yash86861_gmail_com_application_default_credentials.json
[debug] [2020-09-22T18:25:01.892Z] Setting GAC to /Users/yashwantraghuwanshi/.config/firebase/yash86861_gmail_com_application_default_credentials.json {"metadata":{"emulator":{"name":"functions"},"message":"Setting GAC to /Users/yashwantraghuwanshi/.config/firebase/yash86861_gmail_com_application_default_credentials.json"}}
[debug] [2020-09-22T18:25:01.914Z] >>> HTTP REQUEST GET https://firebase.googleapis.com/v1beta1/projects/clone-a0601/webApps/-/config  
 
[debug] [2020-09-22T18:25:03.361Z] <<< HTTP RESPONSE 200 {"content-type":"application/json; charset=UTF-8","vary":"X-Origin, Referer, Origin,Accept-Encoding","date":"Tue, 22 Sep 2020 18:25:04 GMT","server":"ESF","cache-control":"private","x-xss-protection":"0","x-frame-options":"SAMEORIGIN","x-content-type-options":"nosniff","alt-svc":"h3-Q050=\":443\"; ma=2592000,h3-29=\":443\"; ma=2592000,h3-27=\":443\"; ma=2592000,h3-T051=\":443\"; ma=2592000,h3-T050=\":443\"; ma=2592000,h3-Q046=\":443\"; ma=2592000,h3-Q043=\":443\"; ma=2592000,quic=\":443\"; ma=2592000; v=\"46,43\"","accept-ranges":"none","transfer-encoding":"chunked"}
[info] i  hosting: Serving hosting files from: build {"metadata":{"emulator":{"name":"hosting"},"message":"Serving hosting files from: \u001b[1mbuild\u001b[22m"}}
[info] ✔  hosting: Local server: http://localhost:5000 {"metadata":{"emulator":{"name":"hosting"},"message":"Local server: \u001b[4m\u001b[1mhttp://localhost:5000\u001b[22m\u001b[24m"}}
[debug] [2020-09-22T18:25:03.435Z] Ignoring unsupported arg: auto_download {"metadata":{"emulator":{"name":"ui"},"message":"Ignoring unsupported arg: auto_download"}}
[debug] [2020-09-22T18:25:03.436Z] Ignoring unsupported arg: port {"metadata":{"emulator":{"name":"ui"},"message":"Ignoring unsupported arg: port"}}
[debug] [2020-09-22T18:25:03.436Z] Starting Emulator UI with command {"binary":"node","args":["/Users/yashwantraghuwanshi/.cache/firebase/emulators/ui-v1.1.1/server.bundle.js"],"optionalArgs":[],"joinArgs":false} {"metadata":{"emulator":{"name":"ui"},"message":"Starting Emulator UI with command {\"binary\":\"node\",\"args\":[\"/Users/yashwantraghuwanshi/.cache/firebase/emulators/ui-v1.1.1/server.bundle.js\"],\"optionalArgs\":[],\"joinArgs\":false}"}}
[info] i  ui: Emulator UI logging to ui-debug.log {"metadata":{"emulator":{"name":"ui"},"message":"Emulator UI logging to \u001b[1mui-debug.log\u001b[22m"}}
[debug] [2020-09-22T18:25:03.616Z] Web / API server started at http://localhost:4000
 {"metadata":{"emulator":{"name":"ui"},"message":"Web / API server started at http://localhost:4000\n"}}
[info] i  functions: Watching "/Users/yashwantraghuwanshi/Desktop/Amazon-full-stack/amazon-clone/functions" for Cloud Functions... {"metadata":{"emulator":{"name":"functions"},"message":"Watching \"/Users/yashwantraghuwanshi/Desktop/Amazon-full-stack/amazon-clone/functions\" for Cloud Functions..."}}
[debug] [2020-09-22T18:25:03.735Z] [worker-pool] addWorker(~diagnostic~) {"metadata":{"emulator":{"name":"functions"},"message":"[worker-pool] addWorker(~diagnostic~)"}}
[debug] [2020-09-22T18:25:03.736Z] [worker-pool] Adding worker with key ~diagnostic~, total=1 {"metadata":{"emulator":{"name":"functions"},"message":"[worker-pool] Adding worker with key ~diagnostic~, total=1"}}
[debug] [2020-09-22T18:25:03.736Z] [worker-pool] submitWork(triggerId=) {"metadata":{"emulator":{"name":"functions"},"message":"[worker-pool] submitWork(triggerId=)"}}
[debug] [2020-09-22T18:25:03.737Z] [worker-~diagnostic~-a63fb28e-0eeb-4b49-87a3-124661ea3882]: Assigning socketPath: /var/folders/l7/hl8wy3ms447cjbn698rf0b7r0000gn/T/fire_emu_93854.sock {"metadata":{"emulator":{"name":"functions"},"message":"[worker-~diagnostic~-a63fb28e-0eeb-4b49-87a3-124661ea3882]: Assigning socketPath: /var/folders/l7/hl8wy3ms447cjbn698rf0b7r0000gn/T/fire_emu_93854.sock"}}
[debug] [2020-09-22T18:25:03.737Z] [worker-~diagnostic~-a63fb28e-0eeb-4b49-87a3-124661ea3882]: BUSY {"metadata":{"emulator":{"name":"functions"},"message":"[worker-~diagnostic~-a63fb28e-0eeb-4b49-87a3-124661ea3882]: BUSY"}}
[debug] [2020-09-22T18:25:04.163Z] [runtime-status] [93854] Functions runtime initialized. {"cwd":"/Users/yashwantraghuwanshi/Desktop/Amazon-full-stack/amazon-clone/functions","node_version":"14.8.0"} {"metadata":{"emulator":{"name":"functions"},"message":"[runtime-status] [93854] Functions runtime initialized. {\"cwd\":\"/Users/yashwantraghuwanshi/Desktop/Amazon-full-stack/amazon-clone/functions\",\"node_version\":\"14.8.0\"}"}}
[debug] [2020-09-22T18:25:04.166Z] [runtime-status] [93854] Disabled runtime features: undefined {"metadata":{"emulator":{"name":"functions"},"message":"[runtime-status] [93854] Disabled runtime features: undefined"}}
[debug] [2020-09-22T18:25:04.174Z] [runtime-status] [93854] Resolved module firebase-admin {"declared":true,"installed":true,"version":"8.13.0","resolution":"/Users/yashwantraghuwanshi/Desktop/Amazon-full-stack/amazon-clone/functions/node_modules/firebase-admin/lib/index.js"} {"metadata":{"emulator":{"name":"functions"},"message":"[runtime-status] [93854] Resolved module firebase-admin {\"declared\":true,\"installed\":true,\"version\":\"8.13.0\",\"resolution\":\"/Users/yashwantraghuwanshi/Desktop/Amazon-full-stack/amazon-clone/functions/node_modules/firebase-admin/lib/index.js\"}"}}
[debug] [2020-09-22T18:25:04.180Z] [runtime-status] [93854] Resolved module firebase-functions {"declared":true,"installed":true,"version":"3.11.0","resolution":"/Users/yashwantraghuwanshi/Desktop/Amazon-full-stack/amazon-clone/functions/node_modules/firebase-functions/lib/index.js"} {"metadata":{"emulator":{"name":"functions"},"message":"[runtime-status] [93854] Resolved module firebase-functions {\"declared\":true,\"installed\":true,\"version\":\"3.11.0\",\"resolution\":\"/Users/yashwantraghuwanshi/Desktop/Amazon-full-stack/amazon-clone/functions/node_modules/firebase-functions/lib/index.js\"}"}}
[debug] [2020-09-22T18:25:04.182Z] [runtime-status] [93854] Resolved module firebase-functions {"declared":true,"installed":true,"version":"3.11.0","resolution":"/Users/yashwantraghuwanshi/Desktop/Amazon-full-stack/amazon-clone/functions/node_modules/firebase-functions/lib/index.js"} {"metadata":{"emulator":{"name":"functions"},"message":"[runtime-status] [93854] Resolved module firebase-functions {\"declared\":true,\"installed\":true,\"version\":\"3.11.0\",\"resolution\":\"/Users/yashwantraghuwanshi/Desktop/Amazon-full-stack/amazon-clone/functions/node_modules/firebase-functions/lib/index.js\"}"}}
[debug] [2020-09-22T18:25:04.184Z] [runtime-status] [93854] Outgoing network have been stubbed. [{"name":"http","status":"mocked"},{"name":"http","status":"mocked"},{"name":"https","status":"mocked"},{"name":"https","status":"mocked"},{"name":"net","status":"mocked"}] {"metadata":{"emulator":{"name":"functions"},"message":"[runtime-status] [93854] Outgoing network have been stubbed. [{\"name\":\"http\",\"status\":\"mocked\"},{\"name\":\"http\",\"status\":\"mocked\"},{\"name\":\"https\",\"status\":\"mocked\"},{\"name\":\"https\",\"status\":\"mocked\"},{\"name\":\"net\",\"status\":\"mocked\"}]"}}
[debug] [2020-09-22T18:25:04.184Z] [runtime-status] [93854] Resolved module firebase-functions {"declared":true,"installed":true,"version":"3.11.0","resolution":"/Users/yashwantraghuwanshi/Desktop/Amazon-full-stack/amazon-clone/functions/node_modules/firebase-functions/lib/index.js"} {"metadata":{"emulator":{"name":"functions"},"message":"[runtime-status] [93854] Resolved module firebase-functions {\"declared\":true,\"installed\":true,\"version\":\"3.11.0\",\"resolution\":\"/Users/yashwantraghuwanshi/Desktop/Amazon-full-stack/amazon-clone/functions/node_modules/firebase-functions/lib/index.js\"}"}}
[debug] [2020-09-22T18:25:04.299Z] [runtime-status] [93854] Checked functions.config() {"config":{}} {"metadata":{"emulator":{"name":"functions"},"message":"[runtime-status] [93854] Checked functions.config() {\"config\":{}}"}}
[debug] [2020-09-22T18:25:04.299Z] [runtime-status] [93854] firebase-functions has been stubbed. {"functionsResolution":{"declared":true,"installed":true,"version":"3.11.0","resolution":"/Users/yashwantraghuwanshi/Desktop/Amazon-full-stack/amazon-clone/functions/node_modules/firebase-functions/lib/index.js"}} {"metadata":{"emulator":{"name":"functions"},"message":"[runtime-status] [93854] firebase-functions has been stubbed. {\"functionsResolution\":{\"declared\":true,\"installed\":true,\"version\":\"3.11.0\",\"resolution\":\"/Users/yashwantraghuwanshi/Desktop/Amazon-full-stack/amazon-clone/functions/node_modules/firebase-functions/lib/index.js\"}}"}}
[debug] [2020-09-22T18:25:04.300Z] [runtime-status] [93854] Resolved module firebase-functions {"declared":true,"installed":true,"version":"3.11.0","resolution":"/Users/yashwantraghuwanshi/Desktop/Amazon-full-stack/amazon-clone/functions/node_modules/firebase-functions/lib/index.js"} {"metadata":{"emulator":{"name":"functions"},"message":"[runtime-status] [93854] Resolved module firebase-functions {\"declared\":true,\"installed\":true,\"version\":\"3.11.0\",\"resolution\":\"/Users/yashwantraghuwanshi/Desktop/Amazon-full-stack/amazon-clone/functions/node_modules/firebase-functions/lib/index.js\"}"}}
[debug] [2020-09-22T18:25:04.301Z] [runtime-status] [93854] Resolved module firebase-admin {"declared":true,"installed":true,"version":"8.13.0","resolution":"/Users/yashwantraghuwanshi/Desktop/Amazon-full-stack/amazon-clone/functions/node_modules/firebase-admin/lib/index.js"} {"metadata":{"emulator":{"name":"functions"},"message":"[runtime-status] [93854] Resolved module firebase-admin {\"declared\":true,\"installed\":true,\"version\":\"8.13.0\",\"resolution\":\"/Users/yashwantraghuwanshi/Desktop/Amazon-full-stack/amazon-clone/functions/node_modules/firebase-admin/lib/index.js\"}"}}
[debug] [2020-09-22T18:25:04.302Z] [runtime-status] [93854] Resolved module firebase-functions {"declared":true,"installed":true,"version":"3.11.0","resolution":"/Users/yashwantraghuwanshi/Desktop/Amazon-full-stack/amazon-clone/functions/node_modules/firebase-functions/lib/index.js"} {"metadata":{"emulator":{"name":"functions"},"message":"[runtime-status] [93854] Resolved module firebase-functions {\"declared\":true,\"installed\":true,\"version\":\"3.11.0\",\"resolution\":\"/Users/yashwantraghuwanshi/Desktop/Amazon-full-stack/amazon-clone/functions/node_modules/firebase-functions/lib/index.js\"}"}}
[debug] [2020-09-22T18:25:04.302Z] [runtime-status] [93854] firebase-admin has been stubbed. {"adminResolution":{"declared":true,"installed":true,"version":"8.13.0","resolution":"/Users/yashwantraghuwanshi/Desktop/Amazon-full-stack/amazon-clone/functions/node_modules/firebase-admin/lib/index.js"}} {"metadata":{"emulator":{"name":"functions"},"message":"[runtime-status] [93854] firebase-admin has been stubbed. {\"adminResolution\":{\"declared\":true,\"installed\":true,\"version\":\"8.13.0\",\"resolution\":\"/Users/yashwantraghuwanshi/Desktop/Amazon-full-stack/amazon-clone/functions/node_modules/firebase-admin/lib/index.js\"}}"}}
[info] ✔  functions[api]: http function initialized (http://localhost:5001/clone-a0601/us-central1/api). {"metadata":{"emulator":{"name":"functions"},"message":"\u001b[1mhttp\u001b[22m function initialized (http://localhost:5001/clone-a0601/us-central1/api)."}}
[info] 
┌───────────────────────────────────────────────────────────────────────┐
│ ✔  All emulators ready! View status and logs at http://localhost:4000 │
└───────────────────────────────────────────────────────────────────────┘

┌───────────┬────────────────┬─────────────────────────────────┐
│ Emulator  │ Host:Port      │ View in Emulator UI             │
├───────────┼────────────────┼─────────────────────────────────┤
│ Functions │ localhost:5001 │ http://localhost:4000/functions │
├───────────┼────────────────┼─────────────────────────────────┤
│ Hosting   │ localhost:5000 │ n/a                             │
└───────────┴────────────────┴─────────────────────────────────┘
  Other reserved ports: 4400, 4500

Issues? Report them at https://github.com/firebase/firebase-tools/issues and attach the *-debug.log files.
 
[debug] [2020-09-22T18:25:04.854Z] [worker-~diagnostic~-a63fb28e-0eeb-4b49-87a3-124661ea3882]: IDLE {"metadata":{"emulator":{"name":"functions"},"message":"[worker-~diagnostic~-a63fb28e-0eeb-4b49-87a3-124661ea3882]: IDLE"}}
[debug] [2020-09-22T18:25:32.733Z] [work-queue] {"queueLength":1,"workRunningCount":0}
[debug] [2020-09-22T18:25:32.733Z] [work-queue] {"queueLength":0,"workRunningCount":1}
[debug] [2020-09-22T18:25:32.734Z] Accepted request POST /clone-a0601/us-central1/api/payments/create?total=315900 --> api
[debug] [2020-09-22T18:25:32.739Z] [worker-pool] addWorker(api) {"metadata":{"emulator":{"name":"functions"},"message":"[worker-pool] addWorker(api)"}}
[debug] [2020-09-22T18:25:32.740Z] [worker-pool] Adding worker with key api, total=1 {"metadata":{"emulator":{"name":"functions"},"message":"[worker-pool] Adding worker with key api, total=1"}}
[debug] [2020-09-22T18:25:32.740Z] [worker-pool] submitWork(triggerId=api) {"metadata":{"emulator":{"name":"functions"},"message":"[worker-pool] submitWork(triggerId=api)"}}
[debug] [2020-09-22T18:25:32.741Z] [worker-api-259cefb2-8a53-4be8-bc47-815c51d469c0]: Assigning socketPath: /var/folders/l7/hl8wy3ms447cjbn698rf0b7r0000gn/T/fire_emu_93858.sock {"metadata":{"emulator":{"name":"functions"},"message":"[worker-api-259cefb2-8a53-4be8-bc47-815c51d469c0]: Assigning socketPath: /var/folders/l7/hl8wy3ms447cjbn698rf0b7r0000gn/T/fire_emu_93858.sock"}}
[debug] [2020-09-22T18:25:32.741Z] [worker-api-259cefb2-8a53-4be8-bc47-815c51d469c0]: BUSY {"metadata":{"emulator":{"name":"functions"},"message":"[worker-api-259cefb2-8a53-4be8-bc47-815c51d469c0]: BUSY"}}
[debug] [2020-09-22T18:25:33.147Z] [runtime-status] [93858] Functions runtime initialized. {"cwd":"/Users/yashwantraghuwanshi/Desktop/Amazon-full-stack/amazon-clone/functions","node_version":"14.8.0"} {"metadata":{"emulator":{"name":"functions"},"function":{"name":"api"},"message":"[runtime-status] [93858] Functions runtime initialized. {\"cwd\":\"/Users/yashwantraghuwanshi/Desktop/Amazon-full-stack/amazon-clone/functions\",\"node_version\":\"14.8.0\"}"}}
[debug] [2020-09-22T18:25:33.150Z] [runtime-status] [93858] Disabled runtime features: undefined {"metadata":{"emulator":{"name":"functions"},"function":{"name":"api"},"message":"[runtime-status] [93858] Disabled runtime features: undefined"}}
[debug] [2020-09-22T18:25:33.152Z] [runtime-status] [93858] Resolved module firebase-admin {"declared":true,"installed":true,"version":"8.13.0","resolution":"/Users/yashwantraghuwanshi/Desktop/Amazon-full-stack/amazon-clone/functions/node_modules/firebase-admin/lib/index.js"} {"metadata":{"emulator":{"name":"functions"},"function":{"name":"api"},"message":"[runtime-status] [93858] Resolved module firebase-admin {\"declared\":true,\"installed\":true,\"version\":\"8.13.0\",\"resolution\":\"/Users/yashwantraghuwanshi/Desktop/Amazon-full-stack/amazon-clone/functions/node_modules/firebase-admin/lib/index.js\"}"}}
[debug] [2020-09-22T18:25:33.154Z] [runtime-status] [93858] Resolved module firebase-functions {"declared":true,"installed":true,"version":"3.11.0","resolution":"/Users/yashwantraghuwanshi/Desktop/Amazon-full-stack/amazon-clone/functions/node_modules/firebase-functions/lib/index.js"} {"metadata":{"emulator":{"name":"functions"},"function":{"name":"api"},"message":"[runtime-status] [93858] Resolved module firebase-functions {\"declared\":true,\"installed\":true,\"version\":\"3.11.0\",\"resolution\":\"/Users/yashwantraghuwanshi/Desktop/Amazon-full-stack/amazon-clone/functions/node_modules/firebase-functions/lib/index.js\"}"}}
[debug] [2020-09-22T18:25:33.156Z] [runtime-status] [93858] Resolved module firebase-functions {"declared":true,"installed":true,"version":"3.11.0","resolution":"/Users/yashwantraghuwanshi/Desktop/Amazon-full-stack/amazon-clone/functions/node_modules/firebase-functions/lib/index.js"} {"metadata":{"emulator":{"name":"functions"},"function":{"name":"api"},"message":"[runtime-status] [93858] Resolved module firebase-functions {\"declared\":true,\"installed\":true,\"version\":\"3.11.0\",\"resolution\":\"/Users/yashwantraghuwanshi/Desktop/Amazon-full-stack/amazon-clone/functions/node_modules/firebase-functions/lib/index.js\"}"}}
[debug] [2020-09-22T18:25:33.158Z] [runtime-status] [93858] Outgoing network have been stubbed. [{"name":"http","status":"mocked"},{"name":"http","status":"mocked"},{"name":"https","status":"mocked"},{"name":"https","status":"mocked"},{"name":"net","status":"mocked"}] {"metadata":{"emulator":{"name":"functions"},"function":{"name":"api"},"message":"[runtime-status] [93858] Outgoing network have been stubbed. [{\"name\":\"http\",\"status\":\"mocked\"},{\"name\":\"http\",\"status\":\"mocked\"},{\"name\":\"https\",\"status\":\"mocked\"},{\"name\":\"https\",\"status\":\"mocked\"},{\"name\":\"net\",\"status\":\"mocked\"}]"}}
[debug] [2020-09-22T18:25:33.159Z] [runtime-status] [93858] Resolved module firebase-functions {"declared":true,"installed":true,"version":"3.11.0","resolution":"/Users/yashwantraghuwanshi/Desktop/Amazon-full-stack/amazon-clone/functions/node_modules/firebase-functions/lib/index.js"} {"metadata":{"emulator":{"name":"functions"},"function":{"name":"api"},"message":"[runtime-status] [93858] Resolved module firebase-functions {\"declared\":true,\"installed\":true,\"version\":\"3.11.0\",\"resolution\":\"/Users/yashwantraghuwanshi/Desktop/Amazon-full-stack/amazon-clone/functions/node_modules/firebase-functions/lib/index.js\"}"}}
[debug] [2020-09-22T18:25:33.199Z] [runtime-status] [93858] Checked functions.config() {"config":{}} {"metadata":{"emulator":{"name":"functions"},"function":{"name":"api"},"message":"[runtime-status] [93858] Checked functions.config() {\"config\":{}}"}}
[debug] [2020-09-22T18:25:33.199Z] [runtime-status] [93858] firebase-functions has been stubbed. {"functionsResolution":{"declared":true,"installed":true,"version":"3.11.0","resolution":"/Users/yashwantraghuwanshi/Desktop/Amazon-full-stack/amazon-clone/functions/node_modules/firebase-functions/lib/index.js"}} {"metadata":{"emulator":{"name":"functions"},"function":{"name":"api"},"message":"[runtime-status] [93858] firebase-functions has been stubbed. {\"functionsResolution\":{\"declared\":true,\"installed\":true,\"version\":\"3.11.0\",\"resolution\":\"/Users/yashwantraghuwanshi/Desktop/Amazon-full-stack/amazon-clone/functions/node_modules/firebase-functions/lib/index.js\"}}"}}
[debug] [2020-09-22T18:25:33.200Z] [runtime-status] [93858] Resolved module firebase-functions {"declared":true,"installed":true,"version":"3.11.0","resolution":"/Users/yashwantraghuwanshi/Desktop/Amazon-full-stack/amazon-clone/functions/node_modules/firebase-functions/lib/index.js"} {"metadata":{"emulator":{"name":"functions"},"function":{"name":"api"},"message":"[runtime-status] [93858] Resolved module firebase-functions {\"declared\":true,\"installed\":true,\"version\":\"3.11.0\",\"resolution\":\"/Users/yashwantraghuwanshi/Desktop/Amazon-full-stack/amazon-clone/functions/node_modules/firebase-functions/lib/index.js\"}"}}
[debug] [2020-09-22T18:25:33.201Z] [runtime-status] [93858] Resolved module firebase-admin {"declared":true,"installed":true,"version":"8.13.0","resolution":"/Users/yashwantraghuwanshi/Desktop/Amazon-full-stack/amazon-clone/functions/node_modules/firebase-admin/lib/index.js"} {"metadata":{"emulator":{"name":"functions"},"function":{"name":"api"},"message":"[runtime-status] [93858] Resolved module firebase-admin {\"declared\":true,\"installed\":true,\"version\":\"8.13.0\",\"resolution\":\"/Users/yashwantraghuwanshi/Desktop/Amazon-full-stack/amazon-clone/functions/node_modules/firebase-admin/lib/index.js\"}"}}
[debug] [2020-09-22T18:25:33.201Z] [runtime-status] [93858] Resolved module firebase-functions {"declared":true,"installed":true,"version":"3.11.0","resolution":"/Users/yashwantraghuwanshi/Desktop/Amazon-full-stack/amazon-clone/functions/node_modules/firebase-functions/lib/index.js"} {"metadata":{"emulator":{"name":"functions"},"function":{"name":"api"},"message":"[runtime-status] [93858] Resolved module firebase-functions {\"declared\":true,\"installed\":true,\"version\":\"3.11.0\",\"resolution\":\"/Users/yashwantraghuwanshi/Desktop/Amazon-full-stack/amazon-clone/functions/node_modules/firebase-functions/lib/index.js\"}"}}
[debug] [2020-09-22T18:25:33.202Z] [runtime-status] [93858] firebase-admin has been stubbed. {"adminResolution":{"declared":true,"installed":true,"version":"8.13.0","resolution":"/Users/yashwantraghuwanshi/Desktop/Amazon-full-stack/amazon-clone/functions/node_modules/firebase-admin/lib/index.js"}} {"metadata":{"emulator":{"name":"functions"},"function":{"name":"api"},"message":"[runtime-status] [93858] firebase-admin has been stubbed. {\"adminResolution\":{\"declared\":true,\"installed\":true,\"version\":\"8.13.0\",\"resolution\":\"/Users/yashwantraghuwanshi/Desktop/Amazon-full-stack/amazon-clone/functions/node_modules/firebase-admin/lib/index.js\"}}"}}
[debug] [2020-09-22T18:25:33.312Z] [runtime-status] [93858] Trigger "api" has been found, beginning invocation! {"metadata":{"emulator":{"name":"functions"},"function":{"name":"api"},"message":"[runtime-status] [93858] Trigger \"api\" has been found, beginning invocation!"}}
[info] i  functions: Beginning execution of "api" {"metadata":{"emulator":{"name":"functions"},"function":{"name":"api"},"message":"Beginning execution of \"api\""}}
[debug] [2020-09-22T18:25:33.313Z] [runtime-status] [93858] triggerDefinition {"httpsTrigger":{},"name":"api","entryPoint":"api"} {"metadata":{"emulator":{"name":"functions"},"function":{"name":"api"},"message":"[runtime-status] [93858] triggerDefinition {\"httpsTrigger\":{},\"name\":\"api\",\"entryPoint\":\"api\"}"}}
[debug] [2020-09-22T18:25:33.313Z] [runtime-status] [93858] Running api in mode HTTPS {"metadata":{"emulator":{"name":"functions"},"function":{"name":"api"},"message":"[runtime-status] [93858] Running api in mode HTTPS"}}
[debug] [2020-09-22T18:25:33.319Z] [runtime-status] [93858] Attempting to listen to socketPath: /var/folders/l7/hl8wy3ms447cjbn698rf0b7r0000gn/T/fire_emu_93858.sock {"metadata":{"emulator":{"name":"functions"},"function":{"name":"api"},"message":"[runtime-status] [93858] Attempting to listen to socketPath: /var/folders/l7/hl8wy3ms447cjbn698rf0b7r0000gn/T/fire_emu_93858.sock"}}
[debug] [2020-09-22T18:25:33.324Z] [functions] Runtime ready! Sending request! {"metadata":{"emulator":{"name":"functions"},"message":"[functions] Runtime ready! Sending request!"}}
[debug] [2020-09-22T18:25:33.352Z] [runtime-status] [93858] Ephemeral server handling POST request {"metadata":{"emulator":{"name":"functions"},"function":{"name":"api"},"message":"[runtime-status] [93858] Ephemeral server handling POST request"}}
[info] >  Payment Request Recieved BOOM!!! for this amount >>>  315900 {"user":"Payment Request Recieved BOOM!!! for this amount >>>  315900","metadata":{"emulator":{"name":"functions"},"function":{"name":"api"},"message":"\u001b[90m> \u001b[39m Payment Request Recieved BOOM!!! for this amount >>>  315900"}}
[debug] [2020-09-22T18:25:33.368Z] [runtime-status] [93858] Ephemeral server survived. {"metadata":{"emulator":{"name":"functions"},"function":{"name":"api"},"message":"[runtime-status] [93858] Ephemeral server survived."}}
[info] i  functions: Finished "api" in ~1s {"metadata":{"emulator":{"name":"functions"},"function":{"name":"api"},"message":"Finished \"api\" in ~1s"}}
[debug] [2020-09-22T18:25:34.458Z] [worker-api-259cefb2-8a53-4be8-bc47-815c51d469c0]: IDLE {"metadata":{"emulator":{"name":"functions"},"message":"[worker-api-259cefb2-8a53-4be8-bc47-815c51d469c0]: IDLE"}}
[debug] [2020-09-22T18:25:34.458Z] [work-queue] {"queueLength":0,"workRunningCount":0}
[debug] [2020-09-22T18:25:43.549Z] [work-queue] {"queueLength":1,"workRunningCount":0}
[debug] [2020-09-22T18:25:43.550Z] [work-queue] {"queueLength":0,"workRunningCount":1}
[debug] [2020-09-22T18:25:43.550Z] Accepted request POST /clone-a0601/us-central1/api/payments/create?total=0 --> api
[debug] [2020-09-22T18:25:43.550Z] [worker-pool] submitWork(triggerId=api) {"metadata":{"emulator":{"name":"functions"},"message":"[worker-pool] submitWork(triggerId=api)"}}
[debug] [2020-09-22T18:25:43.551Z] [worker-api-259cefb2-8a53-4be8-bc47-815c51d469c0]: Assigning socketPath: /var/folders/l7/hl8wy3ms447cjbn698rf0b7r0000gn/T/fire_emu_93858.sock {"metadata":{"emulator":{"name":"functions"},"message":"[worker-api-259cefb2-8a53-4be8-bc47-815c51d469c0]: Assigning socketPath: /var/folders/l7/hl8wy3ms447cjbn698rf0b7r0000gn/T/fire_emu_93858.sock"}}
[debug] [2020-09-22T18:25:43.551Z] [worker-api-259cefb2-8a53-4be8-bc47-815c51d469c0]: BUSY {"metadata":{"emulator":{"name":"functions"},"message":"[worker-api-259cefb2-8a53-4be8-bc47-815c51d469c0]: BUSY"}}
[debug] [2020-09-22T18:25:43.555Z] [runtime-status] [93858] Trigger "api" has been found, beginning invocation! {"metadata":{"emulator":{"name":"functions"},"function":{"name":"api"},"message":"[runtime-status] [93858] Trigger \"api\" has been found, beginning invocation!"}}
[info] i  functions: Beginning execution of "api" {"metadata":{"emulator":{"name":"functions"},"function":{"name":"api"},"message":"Beginning execution of \"api\""}}
[debug] [2020-09-22T18:25:43.557Z] [runtime-status] [93858] triggerDefinition {"httpsTrigger":{},"name":"api","entryPoint":"api"} {"metadata":{"emulator":{"name":"functions"},"function":{"name":"api"},"message":"[runtime-status] [93858] triggerDefinition {\"httpsTrigger\":{},\"name\":\"api\",\"entryPoint\":\"api\"}"}}
[debug] [2020-09-22T18:25:43.557Z] [runtime-status] [93858] Running api in mode HTTPS {"metadata":{"emulator":{"name":"functions"},"function":{"name":"api"},"message":"[runtime-status] [93858] Running api in mode HTTPS"}}
[debug] [2020-09-22T18:25:43.558Z] [runtime-status] [93858] Attempting to listen to socketPath: /var/folders/l7/hl8wy3ms447cjbn698rf0b7r0000gn/T/fire_emu_93858.sock {"metadata":{"emulator":{"name":"functions"},"function":{"name":"api"},"message":"[runtime-status] [93858] Attempting to listen to socketPath: /var/folders/l7/hl8wy3ms447cjbn698rf0b7r0000gn/T/fire_emu_93858.sock"}}
[debug] [2020-09-22T18:25:43.559Z] [functions] Runtime ready! Sending request! {"metadata":{"emulator":{"name":"functions"},"message":"[functions] Runtime ready! Sending request!"}}
[debug] [2020-09-22T18:25:43.570Z] [runtime-status] [93858] Ephemeral server handling POST request {"metadata":{"emulator":{"name":"functions"},"function":{"name":"api"},"message":"[runtime-status] [93858] Ephemeral server handling POST request"}}
[info] >  Payment Request Recieved BOOM!!! for this amount >>>  0 {"user":"Payment Request Recieved BOOM!!! for this amount >>>  0","metadata":{"emulator":{"name":"functions"},"function":{"name":"api"},"message":"\u001b[90m> \u001b[39m Payment Request Recieved BOOM!!! for this amount >>>  0"}}
[debug] [2020-09-22T18:25:43.572Z] [runtime-status] [93858] Ephemeral server survived. {"metadata":{"emulator":{"name":"functions"},"function":{"name":"api"},"message":"[runtime-status] [93858] Ephemeral server survived."}}
[info] >  (node:93858) UnhandledPromiseRejectionWarning: Error: This value must be greater than or equal to 1. {"user":"(node:93858) UnhandledPromiseRejectionWarning: Error: This value must be greater than or equal to 1.","metadata":{"emulator":{"name":"functions"},"function":{"name":"api"},"message":"\u001b[90m> \u001b[39m (node:93858) UnhandledPromiseRejectionWarning: Error: This value must be greater than or equal to 1."}}
[info] >      at Function.generate (/Users/yashwantraghuwanshi/Desktop/Amazon-full-stack/amazon-clone/functions/node_modules/stripe/lib/Error.js:39:16) {"user":"    at Function.generate (/Users/yashwantraghuwanshi/Desktop/Amazon-full-stack/amazon-clone/functions/node_modules/stripe/lib/Error.js:39:16)","metadata":{"emulator":{"name":"functions"},"function":{"name":"api"},"message":"\u001b[90m> \u001b[39m     at Function.generate (/Users/yashwantraghuwanshi/Desktop/Amazon-full-stack/amazon-clone/functions/node_modules/stripe/lib/Error.js:39:16)"}}
[info] >      at IncomingMessage.<anonymous> (/Users/yashwantraghuwanshi/Desktop/Amazon-full-stack/amazon-clone/functions/node_modules/stripe/lib/StripeResource.js:190:33) {"user":"    at IncomingMessage.<anonymous> (/Users/yashwantraghuwanshi/Desktop/Amazon-full-stack/amazon-clone/functions/node_modules/stripe/lib/StripeResource.js:190:33)","metadata":{"emulator":{"name":"functions"},"function":{"name":"api"},"message":"\u001b[90m> \u001b[39m     at IncomingMessage.<anonymous> (/Users/yashwantraghuwanshi/Desktop/Amazon-full-stack/amazon-clone/functions/node_modules/stripe/lib/StripeResource.js:190:33)"}}
[info] >      at Object.onceWrapper (events.js:420:28) {"user":"    at Object.onceWrapper (events.js:420:28)","metadata":{"emulator":{"name":"functions"},"function":{"name":"api"},"message":"\u001b[90m> \u001b[39m     at Object.onceWrapper (events.js:420:28)"}}
[info] >      at IncomingMessage.emit (events.js:326:22) {"user":"    at IncomingMessage.emit (events.js:326:22)","metadata":{"emulator":{"name":"functions"},"function":{"name":"api"},"message":"\u001b[90m> \u001b[39m     at IncomingMessage.emit (events.js:326:22)"}}
[info] >      at endReadableNT (_stream_readable.js:1244:12) {"user":"    at endReadableNT (_stream_readable.js:1244:12)","metadata":{"emulator":{"name":"functions"},"function":{"name":"api"},"message":"\u001b[90m> \u001b[39m     at endReadableNT (_stream_readable.js:1244:12)"}}
[info] >      at processTicksAndRejections (internal/process/task_queues.js:80:21) {"user":"    at processTicksAndRejections (internal/process/task_queues.js:80:21)","metadata":{"emulator":{"name":"functions"},"function":{"name":"api"},"message":"\u001b[90m> \u001b[39m     at processTicksAndRejections (internal/process/task_queues.js:80:21)"}}
[info] >  (Use `node --trace-warnings ...` to show where the warning was created) {"user":"(Use `node --trace-warnings ...` to show where the warning was created)","metadata":{"emulator":{"name":"functions"},"function":{"name":"api"},"message":"\u001b[90m> \u001b[39m (Use `node --trace-warnings ...` to show where the warning was created)"}}
[info] >  (node:93858) UnhandledPromiseRejectionWarning: Unhandled promise rejection. This error originated either by throwing inside of an async function without a catch block, or by rejecting a promise which was not handled with .catch(). To terminate the node process on unhandled promise rejection, use the CLI flag `--unhandled-rejections=strict` (see https://nodejs.org/api/cli.html#cli_unhandled_rejections_mode). (rejection id: 1) {"user":"(node:93858) UnhandledPromiseRejectionWarning: Unhandled promise rejection. This error originated either by throwing inside of an async function without a catch block, or by rejecting a promise which was not handled with .catch(). To terminate the node process on unhandled promise rejection, use the CLI flag `--unhandled-rejections=strict` (see https://nodejs.org/api/cli.html#cli_unhandled_rejections_mode). (rejection id: 1)","metadata":{"emulator":{"name":"functions"},"function":{"name":"api"},"message":"\u001b[90m> \u001b[39m (node:93858) UnhandledPromiseRejectionWarning: Unhandled promise rejection. This error originated either by throwing inside of an async function without a catch block, or by rejecting a promise which was not handled with .catch(). To terminate the node process on unhandled promise rejection, use the CLI flag `--unhandled-rejections=strict` (see https://nodejs.org/api/cli.html#cli_unhandled_rejections_mode). (rejection id: 1)"}}
[info] >  (node:93858) [DEP0018] DeprecationWarning: Unhandled promise rejections are deprecated. In the future, promise rejections that are not handled will terminate the Node.js process with a non-zero exit code. {"user":"(node:93858) [DEP0018] DeprecationWarning: Unhandled promise rejections are deprecated. In the future, promise rejections that are not handled will terminate the Node.js process with a non-zero exit code.","metadata":{"emulator":{"name":"functions"},"function":{"name":"api"},"message":"\u001b[90m> \u001b[39m (node:93858) [DEP0018] DeprecationWarning: Unhandled promise rejections are deprecated. In the future, promise rejections that are not handled will terminate the Node.js process with a non-zero exit code."}}
[warn] ⚠  functions: Your function timed out after ~60s. To configure this timeout, see
      https://firebase.google.com/docs/functions/manage-functions#set_timeout_and_memory_allocation. {"metadata":{"emulator":{"name":"functions"},"function":{"name":"api"},"message":"Your function timed out after ~60s. To configure this timeout, see\n      https://firebase.google.com/docs/functions/manage-functions#set_timeout_and_memory_allocation."}}
[info] >  /usr/local/lib/node_modules/firebase-tools/lib/emulator/functionsEmulatorRuntime.js:642 {"user":"/usr/local/lib/node_modules/firebase-tools/lib/emulator/functionsEmulatorRuntime.js:642","metadata":{"emulator":{"name":"functions"},"function":{"name":"api"},"message":"\u001b[90m> \u001b[39m /usr/local/lib/node_modules/firebase-tools/lib/emulator/functionsEmulatorRuntime.js:642"}}
[info] >                  throw new Error("Function timed out."); {"user":"                throw new Error(\"Function timed out.\");","metadata":{"emulator":{"name":"functions"},"function":{"name":"api"},"message":"\u001b[90m> \u001b[39m                 throw new Error(\"Function timed out.\");"}}
[info] >                  ^ {"user":"                ^","metadata":{"emulator":{"name":"functions"},"function":{"name":"api"},"message":"\u001b[90m> \u001b[39m                 ^"}}
[info] >   {"user":"","metadata":{"emulator":{"name":"functions"},"function":{"name":"api"},"message":"\u001b[90m> \u001b[39m "}}
[info] >  Error: Function timed out. {"user":"Error: Function timed out.","metadata":{"emulator":{"name":"functions"},"function":{"name":"api"},"message":"\u001b[90m> \u001b[39m Error: Function timed out."}}
[info] >      at Timeout._onTimeout (/usr/local/lib/node_modules/firebase-tools/lib/emulator/functionsEmulatorRuntime.js:642:23) {"user":"    at Timeout._onTimeout (/usr/local/lib/node_modules/firebase-tools/lib/emulator/functionsEmulatorRuntime.js:642:23)","metadata":{"emulator":{"name":"functions"},"function":{"name":"api"},"message":"\u001b[90m> \u001b[39m     at Timeout._onTimeout (/usr/local/lib/node_modules/firebase-tools/lib/emulator/functionsEmulatorRuntime.js:642:23)"}}
[info] >      at listOnTimeout (internal/timers.js:551:17) {"user":"    at listOnTimeout (internal/timers.js:551:17)","metadata":{"emulator":{"name":"functions"},"function":{"name":"api"},"message":"\u001b[90m> \u001b[39m     at listOnTimeout (internal/timers.js:551:17)"}}
[info] >      at processTimers (internal/timers.js:494:7) {"user":"    at processTimers (internal/timers.js:494:7)","metadata":{"emulator":{"name":"functions"},"function":{"name":"api"},"message":"\u001b[90m> \u001b[39m     at processTimers (internal/timers.js:494:7)"}}
[debug] [2020-09-22T18:26:43.576Z] [worker-api-259cefb2-8a53-4be8-bc47-815c51d469c0]: exited {"metadata":{"emulator":{"name":"functions"},"message":"[worker-api-259cefb2-8a53-4be8-bc47-815c51d469c0]: exited"}}
[debug] [2020-09-22T18:26:43.576Z] [worker-api-259cefb2-8a53-4be8-bc47-815c51d469c0]: FINISHED {"metadata":{"emulator":{"name":"functions"},"message":"[worker-api-259cefb2-8a53-4be8-bc47-815c51d469c0]: FINISHED"}}
[debug] [2020-09-22T18:26:43.577Z] [work-queue] {"queueLength":0,"workRunningCount":0}
[debug] [2020-09-22T18:27:25.753Z] [work-queue] {"queueLength":1,"workRunningCount":0}
[debug] [2020-09-22T18:27:25.754Z] [work-queue] {"queueLength":0,"workRunningCount":1}
[debug] [2020-09-22T18:27:25.754Z] Accepted request POST /clone-a0601/us-central1/api/payments/create?total=4738900 --> api
[debug] [2020-09-22T18:27:25.754Z] [worker-pool] Cleaned up workers for api: 1 --> 0 {"metadata":{"emulator":{"name":"functions"},"message":"[worker-pool] Cleaned up workers for api: 1 --> 0"}}
[debug] [2020-09-22T18:27:25.760Z] [worker-pool] addWorker(api) {"metadata":{"emulator":{"name":"functions"},"message":"[worker-pool] addWorker(api)"}}
[debug] [2020-09-22T18:27:25.761Z] [worker-pool] Adding worker with key api, total=1 {"metadata":{"emulator":{"name":"functions"},"message":"[worker-pool] Adding worker with key api, total=1"}}
[debug] [2020-09-22T18:27:25.761Z] [worker-pool] submitWork(triggerId=api) {"metadata":{"emulator":{"name":"functions"},"message":"[worker-pool] submitWork(triggerId=api)"}}
[debug] [2020-09-22T18:27:25.762Z] [worker-api-4d57021d-bb83-4209-b8a6-1ab652f59977]: Assigning socketPath: /var/folders/l7/hl8wy3ms447cjbn698rf0b7r0000gn/T/fire_emu_93867.sock {"metadata":{"emulator":{"name":"functions"},"message":"[worker-api-4d57021d-bb83-4209-b8a6-1ab652f59977]: Assigning socketPath: /var/folders/l7/hl8wy3ms447cjbn698rf0b7r0000gn/T/fire_emu_93867.sock"}}
[debug] [2020-09-22T18:27:25.762Z] [worker-api-4d57021d-bb83-4209-b8a6-1ab652f59977]: BUSY {"metadata":{"emulator":{"name":"functions"},"message":"[worker-api-4d57021d-bb83-4209-b8a6-1ab652f59977]: BUSY"}}
[debug] [2020-09-22T18:27:26.242Z] [runtime-status] [93867] Functions runtime initialized. {"cwd":"/Users/yashwantraghuwanshi/Desktop/Amazon-full-stack/amazon-clone/functions","node_version":"14.8.0"} {"metadata":{"emulator":{"name":"functions"},"function":{"name":"api"},"message":"[runtime-status] [93867] Functions runtime initialized. {\"cwd\":\"/Users/yashwantraghuwanshi/Desktop/Amazon-full-stack/amazon-clone/functions\",\"node_version\":\"14.8.0\"}"}}
[debug] [2020-09-22T18:27:26.247Z] [runtime-status] [93867] Disabled runtime features: undefined {"metadata":{"emulator":{"name":"functions"},"function":{"name":"api"},"message":"[runtime-status] [93867] Disabled runtime features: undefined"}}
[debug] [2020-09-22T18:27:26.249Z] [runtime-status] [93867] Resolved module firebase-admin {"declared":true,"installed":true,"version":"8.13.0","resolution":"/Users/yashwantraghuwanshi/Desktop/Amazon-full-stack/amazon-clone/functions/node_modules/firebase-admin/lib/index.js"} {"metadata":{"emulator":{"name":"functions"},"function":{"name":"api"},"message":"[runtime-status] [93867] Resolved module firebase-admin {\"declared\":true,\"installed\":true,\"version\":\"8.13.0\",\"resolution\":\"/Users/yashwantraghuwanshi/Desktop/Amazon-full-stack/amazon-clone/functions/node_modules/firebase-admin/lib/index.js\"}"}}
[debug] [2020-09-22T18:27:26.250Z] [runtime-status] [93867] Resolved module firebase-functions {"declared":true,"installed":true,"version":"3.11.0","resolution":"/Users/yashwantraghuwanshi/Desktop/Amazon-full-stack/amazon-clone/functions/node_modules/firebase-functions/lib/index.js"} {"metadata":{"emulator":{"name":"functions"},"function":{"name":"api"},"message":"[runtime-status] [93867] Resolved module firebase-functions {\"declared\":true,\"installed\":true,\"version\":\"3.11.0\",\"resolution\":\"/Users/yashwantraghuwanshi/Desktop/Amazon-full-stack/amazon-clone/functions/node_modules/firebase-functions/lib/index.js\"}"}}
[debug] [2020-09-22T18:27:26.252Z] [runtime-status] [93867] Resolved module firebase-functions {"declared":true,"installed":true,"version":"3.11.0","resolution":"/Users/yashwantraghuwanshi/Desktop/Amazon-full-stack/amazon-clone/functions/node_modules/firebase-functions/lib/index.js"} {"metadata":{"emulator":{"name":"functions"},"function":{"name":"api"},"message":"[runtime-status] [93867] Resolved module firebase-functions {\"declared\":true,\"installed\":true,\"version\":\"3.11.0\",\"resolution\":\"/Users/yashwantraghuwanshi/Desktop/Amazon-full-stack/amazon-clone/functions/node_modules/firebase-functions/lib/index.js\"}"}}
[debug] [2020-09-22T18:27:26.254Z] [runtime-status] [93867] Outgoing network have been stubbed. [{"name":"http","status":"mocked"},{"name":"http","status":"mocked"},{"name":"https","status":"mocked"},{"name":"https","status":"mocked"},{"name":"net","status":"mocked"}] {"metadata":{"emulator":{"name":"functions"},"function":{"name":"api"},"message":"[runtime-status] [93867] Outgoing network have been stubbed. [{\"name\":\"http\",\"status\":\"mocked\"},{\"name\":\"http\",\"status\":\"mocked\"},{\"name\":\"https\",\"status\":\"mocked\"},{\"name\":\"https\",\"status\":\"mocked\"},{\"name\":\"net\",\"status\":\"mocked\"}]"}}
[debug] [2020-09-22T18:27:26.255Z] [runtime-status] [93867] Resolved module firebase-functions {"declared":true,"installed":true,"version":"3.11.0","resolution":"/Users/yashwantraghuwanshi/Desktop/Amazon-full-stack/amazon-clone/functions/node_modules/firebase-functions/lib/index.js"} {"metadata":{"emulator":{"name":"functions"},"function":{"name":"api"},"message":"[runtime-status] [93867] Resolved module firebase-functions {\"declared\":true,\"installed\":true,\"version\":\"3.11.0\",\"resolution\":\"/Users/yashwantraghuwanshi/Desktop/Amazon-full-stack/amazon-clone/functions/node_modules/firebase-functions/lib/index.js\"}"}}
[debug] [2020-09-22T18:27:26.304Z] [runtime-status] [93867] Checked functions.config() {"config":{}} {"metadata":{"emulator":{"name":"functions"},"function":{"name":"api"},"message":"[runtime-status] [93867] Checked functions.config() {\"config\":{}}"}}
[debug] [2020-09-22T18:27:26.305Z] [runtime-status] [93867] firebase-functions has been stubbed. {"functionsResolution":{"declared":true,"installed":true,"version":"3.11.0","resolution":"/Users/yashwantraghuwanshi/Desktop/Amazon-full-stack/amazon-clone/functions/node_modules/firebase-functions/lib/index.js"}} {"metadata":{"emulator":{"name":"functions"},"function":{"name":"api"},"message":"[runtime-status] [93867] firebase-functions has been stubbed. {\"functionsResolution\":{\"declared\":true,\"installed\":true,\"version\":\"3.11.0\",\"resolution\":\"/Users/yashwantraghuwanshi/Desktop/Amazon-full-stack/amazon-clone/functions/node_modules/firebase-functions/lib/index.js\"}}"}}
[debug] [2020-09-22T18:27:26.306Z] [runtime-status] [93867] Resolved module firebase-functions {"declared":true,"installed":true,"version":"3.11.0","resolution":"/Users/yashwantraghuwanshi/Desktop/Amazon-full-stack/amazon-clone/functions/node_modules/firebase-functions/lib/index.js"} {"metadata":{"emulator":{"name":"functions"},"function":{"name":"api"},"message":"[runtime-status] [93867] Resolved module firebase-functions {\"declared\":true,\"installed\":true,\"version\":\"3.11.0\",\"resolution\":\"/Users/yashwantraghuwanshi/Desktop/Amazon-full-stack/amazon-clone/functions/node_modules/firebase-functions/lib/index.js\"}"}}
[debug] [2020-09-22T18:27:26.307Z] [runtime-status] [93867] Resolved module firebase-admin {"declared":true,"installed":true,"version":"8.13.0","resolution":"/Users/yashwantraghuwanshi/Desktop/Amazon-full-stack/amazon-clone/functions/node_modules/firebase-admin/lib/index.js"} {"metadata":{"emulator":{"name":"functions"},"function":{"name":"api"},"message":"[runtime-status] [93867] Resolved module firebase-admin {\"declared\":true,\"installed\":true,\"version\":\"8.13.0\",\"resolution\":\"/Users/yashwantraghuwanshi/Desktop/Amazon-full-stack/amazon-clone/functions/node_modules/firebase-admin/lib/index.js\"}"}}
[debug] [2020-09-22T18:27:26.308Z] [runtime-status] [93867] Resolved module firebase-functions {"declared":true,"installed":true,"version":"3.11.0","resolution":"/Users/yashwantraghuwanshi/Desktop/Amazon-full-stack/amazon-clone/functions/node_modules/firebase-functions/lib/index.js"} {"metadata":{"emulator":{"name":"functions"},"function":{"name":"api"},"message":"[runtime-status] [93867] Resolved module firebase-functions {\"declared\":true,\"installed\":true,\"version\":\"3.11.0\",\"resolution\":\"/Users/yashwantraghuwanshi/Desktop/Amazon-full-stack/amazon-clone/functions/node_modules/firebase-functions/lib/index.js\"}"}}
[debug] [2020-09-22T18:27:26.308Z] [runtime-status] [93867] firebase-admin has been stubbed. {"adminResolution":{"declared":true,"installed":true,"version":"8.13.0","resolution":"/Users/yashwantraghuwanshi/Desktop/Amazon-full-stack/amazon-clone/functions/node_modules/firebase-admin/lib/index.js"}} {"metadata":{"emulator":{"name":"functions"},"function":{"name":"api"},"message":"[runtime-status] [93867] firebase-admin has been stubbed. {\"adminResolution\":{\"declared\":true,\"installed\":true,\"version\":\"8.13.0\",\"resolution\":\"/Users/yashwantraghuwanshi/Desktop/Amazon-full-stack/amazon-clone/functions/node_modules/firebase-admin/lib/index.js\"}}"}}
[debug] [2020-09-22T18:27:26.433Z] [runtime-status] [93867] Trigger "api" has been found, beginning invocation! {"metadata":{"emulator":{"name":"functions"},"function":{"name":"api"},"message":"[runtime-status] [93867] Trigger \"api\" has been found, beginning invocation!"}}
[info] i  functions: Beginning execution of "api" {"metadata":{"emulator":{"name":"functions"},"function":{"name":"api"},"message":"Beginning execution of \"api\""}}
[debug] [2020-09-22T18:27:26.434Z] [runtime-status] [93867] triggerDefinition {"httpsTrigger":{},"name":"api","entryPoint":"api"} {"metadata":{"emulator":{"name":"functions"},"function":{"name":"api"},"message":"[runtime-status] [93867] triggerDefinition {\"httpsTrigger\":{},\"name\":\"api\",\"entryPoint\":\"api\"}"}}
[debug] [2020-09-22T18:27:26.435Z] [runtime-status] [93867] Running api in mode HTTPS {"metadata":{"emulator":{"name":"functions"},"function":{"name":"api"},"message":"[runtime-status] [93867] Running api in mode HTTPS"}}
[debug] [2020-09-22T18:27:26.447Z] [runtime-status] [93867] Attempting to listen to socketPath: /var/folders/l7/hl8wy3ms447cjbn698rf0b7r0000gn/T/fire_emu_93867.sock {"metadata":{"emulator":{"name":"functions"},"function":{"name":"api"},"message":"[runtime-status] [93867] Attempting to listen to socketPath: /var/folders/l7/hl8wy3ms447cjbn698rf0b7r0000gn/T/fire_emu_93867.sock"}}
[debug] [2020-09-22T18:27:26.454Z] [functions] Runtime ready! Sending request! {"metadata":{"emulator":{"name":"functions"},"message":"[functions] Runtime ready! Sending request!"}}
[debug] [2020-09-22T18:27:26.487Z] [runtime-status] [93867] Ephemeral server handling POST request {"metadata":{"emulator":{"name":"functions"},"function":{"name":"api"},"message":"[runtime-status] [93867] Ephemeral server handling POST request"}}
[info] >  Payment Request Recieved BOOM!!! for this amount >>>  4738900 {"user":"Payment Request Recieved BOOM!!! for this amount >>>  4738900","metadata":{"emulator":{"name":"functions"},"function":{"name":"api"},"message":"\u001b[90m> \u001b[39m Payment Request Recieved BOOM!!! for this amount >>>  4738900"}}
[debug] [2020-09-22T18:27:26.507Z] [runtime-status] [93867] Ephemeral server survived. {"metadata":{"emulator":{"name":"functions"},"function":{"name":"api"},"message":"[runtime-status] [93867] Ephemeral server survived."}}
[info] i  functions: Finished "api" in ~1s {"metadata":{"emulator":{"name":"functions"},"function":{"name":"api"},"message":"Finished \"api\" in ~1s"}}
[debug] [2020-09-22T18:27:27.181Z] [worker-api-4d57021d-bb83-4209-b8a6-1ab652f59977]: IDLE {"metadata":{"emulator":{"name":"functions"},"message":"[worker-api-4d57021d-bb83-4209-b8a6-1ab652f59977]: IDLE"}}
[debug] [2020-09-22T18:27:27.182Z] [work-queue] {"queueLength":0,"workRunningCount":0}
[debug] [2020-09-22T18:27:40.672Z] [work-queue] {"queueLength":1,"workRunningCount":0}
[debug] [2020-09-22T18:27:40.673Z] [work-queue] {"queueLength":0,"workRunningCount":1}
[debug] [2020-09-22T18:27:40.673Z] Accepted request POST /clone-a0601/us-central1/api/payments/create?total=0 --> api
[debug] [2020-09-22T18:27:40.673Z] [worker-pool] submitWork(triggerId=api) {"metadata":{"emulator":{"name":"functions"},"message":"[worker-pool] submitWork(triggerId=api)"}}
[debug] [2020-09-22T18:27:40.673Z] [worker-api-4d57021d-bb83-4209-b8a6-1ab652f59977]: Assigning socketPath: /var/folders/l7/hl8wy3ms447cjbn698rf0b7r0000gn/T/fire_emu_93867.sock {"metadata":{"emulator":{"name":"functions"},"message":"[worker-api-4d57021d-bb83-4209-b8a6-1ab652f59977]: Assigning socketPath: /var/folders/l7/hl8wy3ms447cjbn698rf0b7r0000gn/T/fire_emu_93867.sock"}}
[debug] [2020-09-22T18:27:40.674Z] [worker-api-4d57021d-bb83-4209-b8a6-1ab652f59977]: BUSY {"metadata":{"emulator":{"name":"functions"},"message":"[worker-api-4d57021d-bb83-4209-b8a6-1ab652f59977]: BUSY"}}
[debug] [2020-09-22T18:27:40.678Z] [runtime-status] [93867] Trigger "api" has been found, beginning invocation! {"metadata":{"emulator":{"name":"functions"},"function":{"name":"api"},"message":"[runtime-status] [93867] Trigger \"api\" has been found, beginning invocation!"}}
[info] i  functions: Beginning execution of "api" {"metadata":{"emulator":{"name":"functions"},"function":{"name":"api"},"message":"Beginning execution of \"api\""}}
[debug] [2020-09-22T18:27:40.679Z] [runtime-status] [93867] triggerDefinition {"httpsTrigger":{},"name":"api","entryPoint":"api"} {"metadata":{"emulator":{"name":"functions"},"function":{"name":"api"},"message":"[runtime-status] [93867] triggerDefinition {\"httpsTrigger\":{},\"name\":\"api\",\"entryPoint\":\"api\"}"}}
[debug] [2020-09-22T18:27:40.679Z] [runtime-status] [93867] Running api in mode HTTPS {"metadata":{"emulator":{"name":"functions"},"function":{"name":"api"},"message":"[runtime-status] [93867] Running api in mode HTTPS"}}
[debug] [2020-09-22T18:27:40.679Z] [runtime-status] [93867] Attempting to listen to socketPath: /var/folders/l7/hl8wy3ms447cjbn698rf0b7r0000gn/T/fire_emu_93867.sock {"metadata":{"emulator":{"name":"functions"},"function":{"name":"api"},"message":"[runtime-status] [93867] Attempting to listen to socketPath: /var/folders/l7/hl8wy3ms447cjbn698rf0b7r0000gn/T/fire_emu_93867.sock"}}
[debug] [2020-09-22T18:27:40.680Z] [functions] Runtime ready! Sending request! {"metadata":{"emulator":{"name":"functions"},"message":"[functions] Runtime ready! Sending request!"}}
[debug] [2020-09-22T18:27:40.689Z] [runtime-status] [93867] Ephemeral server handling POST request {"metadata":{"emulator":{"name":"functions"},"function":{"name":"api"},"message":"[runtime-status] [93867] Ephemeral server handling POST request"}}
[info] >  Payment Request Recieved BOOM!!! for this amount >>>  0 {"user":"Payment Request Recieved BOOM!!! for this amount >>>  0","metadata":{"emulator":{"name":"functions"},"function":{"name":"api"},"message":"\u001b[90m> \u001b[39m Payment Request Recieved BOOM!!! for this amount >>>  0"}}
[debug] [2020-09-22T18:27:40.690Z] [runtime-status] [93867] Ephemeral server survived. {"metadata":{"emulator":{"name":"functions"},"function":{"name":"api"},"message":"[runtime-status] [93867] Ephemeral server survived."}}
[info] >  (node:93867) UnhandledPromiseRejectionWarning: Error: This value must be greater than or equal to 1. {"user":"(node:93867) UnhandledPromiseRejectionWarning: Error: This value must be greater than or equal to 1.","metadata":{"emulator":{"name":"functions"},"function":{"name":"api"},"message":"\u001b[90m> \u001b[39m (node:93867) UnhandledPromiseRejectionWarning: Error: This value must be greater than or equal to 1."}}
[info] >      at Function.generate (/Users/yashwantraghuwanshi/Desktop/Amazon-full-stack/amazon-clone/functions/node_modules/stripe/lib/Error.js:39:16) {"user":"    at Function.generate (/Users/yashwantraghuwanshi/Desktop/Amazon-full-stack/amazon-clone/functions/node_modules/stripe/lib/Error.js:39:16)","metadata":{"emulator":{"name":"functions"},"function":{"name":"api"},"message":"\u001b[90m> \u001b[39m     at Function.generate (/Users/yashwantraghuwanshi/Desktop/Amazon-full-stack/amazon-clone/functions/node_modules/stripe/lib/Error.js:39:16)"}}
[info] >      at IncomingMessage.<anonymous> (/Users/yashwantraghuwanshi/Desktop/Amazon-full-stack/amazon-clone/functions/node_modules/stripe/lib/StripeResource.js:190:33) {"user":"    at IncomingMessage.<anonymous> (/Users/yashwantraghuwanshi/Desktop/Amazon-full-stack/amazon-clone/functions/node_modules/stripe/lib/StripeResource.js:190:33)","metadata":{"emulator":{"name":"functions"},"function":{"name":"api"},"message":"\u001b[90m> \u001b[39m     at IncomingMessage.<anonymous> (/Users/yashwantraghuwanshi/Desktop/Amazon-full-stack/amazon-clone/functions/node_modules/stripe/lib/StripeResource.js:190:33)"}}
[info] >      at Object.onceWrapper (events.js:420:28) {"user":"    at Object.onceWrapper (events.js:420:28)","metadata":{"emulator":{"name":"functions"},"function":{"name":"api"},"message":"\u001b[90m> \u001b[39m     at Object.onceWrapper (events.js:420:28)"}}
[info] >      at IncomingMessage.emit (events.js:326:22) {"user":"    at IncomingMessage.emit (events.js:326:22)","metadata":{"emulator":{"name":"functions"},"function":{"name":"api"},"message":"\u001b[90m> \u001b[39m     at IncomingMessage.emit (events.js:326:22)"}}
[info] >      at endReadableNT (_stream_readable.js:1244:12) {"user":"    at endReadableNT (_stream_readable.js:1244:12)","metadata":{"emulator":{"name":"functions"},"function":{"name":"api"},"message":"\u001b[90m> \u001b[39m     at endReadableNT (_stream_readable.js:1244:12)"}}
[info] >      at processTicksAndRejections (internal/process/task_queues.js:80:21) {"user":"    at processTicksAndRejections (internal/process/task_queues.js:80:21)","metadata":{"emulator":{"name":"functions"},"function":{"name":"api"},"message":"\u001b[90m> \u001b[39m     at processTicksAndRejections (internal/process/task_queues.js:80:21)"}}
[info] >  (Use `node --trace-warnings ...` to show where the warning was created) {"user":"(Use `node --trace-warnings ...` to show where the warning was created)","metadata":{"emulator":{"name":"functions"},"function":{"name":"api"},"message":"\u001b[90m> \u001b[39m (Use `node --trace-warnings ...` to show where the warning was created)"}}
[info] >  (node:93867) UnhandledPromiseRejectionWarning: Unhandled promise rejection. This error originated either by throwing inside of an async function without a catch block, or by rejecting a promise which was not handled with .catch(). To terminate the node process on unhandled promise rejection, use the CLI flag `--unhandled-rejections=strict` (see https://nodejs.org/api/cli.html#cli_unhandled_rejections_mode). (rejection id: 1) {"user":"(node:93867) UnhandledPromiseRejectionWarning: Unhandled promise rejection. This error originated either by throwing inside of an async function without a catch block, or by rejecting a promise which was not handled with .catch(). To terminate the node process on unhandled promise rejection, use the CLI flag `--unhandled-rejections=strict` (see https://nodejs.org/api/cli.html#cli_unhandled_rejections_mode). (rejection id: 1)","metadata":{"emulator":{"name":"functions"},"function":{"name":"api"},"message":"\u001b[90m> \u001b[39m (node:93867) UnhandledPromiseRejectionWarning: Unhandled promise rejection. This error originated either by throwing inside of an async function without a catch block, or by rejecting a promise which was not handled with .catch(). To terminate the node process on unhandled promise rejection, use the CLI flag `--unhandled-rejections=strict` (see https://nodejs.org/api/cli.html#cli_unhandled_rejections_mode). (rejection id: 1)"}}
[info] >  (node:93867) [DEP0018] DeprecationWarning: Unhandled promise rejections are deprecated. In the future, promise rejections that are not handled will terminate the Node.js process with a non-zero exit code. {"user":"(node:93867) [DEP0018] DeprecationWarning: Unhandled promise rejections are deprecated. In the future, promise rejections that are not handled will terminate the Node.js process with a non-zero exit code.","metadata":{"emulator":{"name":"functions"},"function":{"name":"api"},"message":"\u001b[90m> \u001b[39m (node:93867) [DEP0018] DeprecationWarning: Unhandled promise rejections are deprecated. In the future, promise rejections that are not handled will terminate the Node.js process with a non-zero exit code."}}
[warn] ⚠  functions: Your function timed out after ~60s. To configure this timeout, see
      https://firebase.google.com/docs/functions/manage-functions#set_timeout_and_memory_allocation. {"metadata":{"emulator":{"name":"functions"},"function":{"name":"api"},"message":"Your function timed out after ~60s. To configure this timeout, see\n      https://firebase.google.com/docs/functions/manage-functions#set_timeout_and_memory_allocation."}}
[info] >  /usr/local/lib/node_modules/firebase-tools/lib/emulator/functionsEmulatorRuntime.js:642 {"user":"/usr/local/lib/node_modules/firebase-tools/lib/emulator/functionsEmulatorRuntime.js:642","metadata":{"emulator":{"name":"functions"},"function":{"name":"api"},"message":"\u001b[90m> \u001b[39m /usr/local/lib/node_modules/firebase-tools/lib/emulator/functionsEmulatorRuntime.js:642"}}
[info] >                  throw new Error("Function timed out."); {"user":"                throw new Error(\"Function timed out.\");","metadata":{"emulator":{"name":"functions"},"function":{"name":"api"},"message":"\u001b[90m> \u001b[39m                 throw new Error(\"Function timed out.\");"}}
[info] >                  ^ {"user":"                ^","metadata":{"emulator":{"name":"functions"},"function":{"name":"api"},"message":"\u001b[90m> \u001b[39m                 ^"}}
[info] >   {"user":"","metadata":{"emulator":{"name":"functions"},"function":{"name":"api"},"message":"\u001b[90m> \u001b[39m "}}
[info] >  Error: Function timed out. {"user":"Error: Function timed out.","metadata":{"emulator":{"name":"functions"},"function":{"name":"api"},"message":"\u001b[90m> \u001b[39m Error: Function timed out."}}
[info] >      at Timeout._onTimeout (/usr/local/lib/node_modules/firebase-tools/lib/emulator/functionsEmulatorRuntime.js:642:23) {"user":"    at Timeout._onTimeout (/usr/local/lib/node_modules/firebase-tools/lib/emulator/functionsEmulatorRuntime.js:642:23)","metadata":{"emulator":{"name":"functions"},"function":{"name":"api"},"message":"\u001b[90m> \u001b[39m     at Timeout._onTimeout (/usr/local/lib/node_modules/firebase-tools/lib/emulator/functionsEmulatorRuntime.js:642:23)"}}
[info] >      at listOnTimeout (internal/timers.js:551:17) {"user":"    at listOnTimeout (internal/timers.js:551:17)","metadata":{"emulator":{"name":"functions"},"function":{"name":"api"},"message":"\u001b[90m> \u001b[39m     at listOnTimeout (internal/timers.js:551:17)"}}
[info] >      at processTimers (internal/timers.js:494:7) {"user":"    at processTimers (internal/timers.js:494:7)","metadata":{"emulator":{"name":"functions"},"function":{"name":"api"},"message":"\u001b[90m> \u001b[39m     at processTimers (internal/timers.js:494:7)"}}
[debug] [2020-09-22T18:28:40.697Z] [worker-api-4d57021d-bb83-4209-b8a6-1ab652f59977]: exited {"metadata":{"emulator":{"name":"functions"},"message":"[worker-api-4d57021d-bb83-4209-b8a6-1ab652f59977]: exited"}}
[debug] [2020-09-22T18:28:40.698Z] [worker-api-4d57021d-bb83-4209-b8a6-1ab652f59977]: FINISHED {"metadata":{"emulator":{"name":"functions"},"message":"[worker-api-4d57021d-bb83-4209-b8a6-1ab652f59977]: FINISHED"}}
[debug] [2020-09-22T18:28:40.698Z] [work-queue] {"queueLength":0,"workRunningCount":0}
